2024-06-22,08:26:00,2024-06-22,08:27:00,F1MXE,JN05,28.074560,FT8,-08,+00,86 W,,,
2024-06-22,16:54:30,2024-06-22,16:55:30,EI5KG,IO62,28.074560,FT8,+01,-10,,,,
2024-06-22,21:47:45,2024-06-22,21:48:45,M1VPN,IO80,28.074560,FT8,+00,-05,,,,
2024-06-22,21:52:30,2024-06-22,21:53:30,EI5KG,IO62,28.074560,FT8,+03,-09,,,,
2024-06-22,21:55:15,2024-06-22,21:56:15,G3DBI,IO93,28.074560,FT8,-03,-16,,,,
2024-06-22,22:00:45,2024-06-22,22:03:45,G3DBI,IO93,28.074560,FT8,+06,-20,first 5 then increased to 60,,,
2024-06-22,22:05:15,2024-06-22,22:06:15,G1PQR,IO92,28.074560,FT8,+08,+02,60 W,,,
2024-06-22,22:14:30,2024-06-22,22:15:30,2E0BTX,IO83,28.074560,FT8,-12,-09,60 W,,,
2024-06-22,22:17:15,2024-06-22,22:18:15,G4HZW,IO83,28.074560,FT8,-16,-12,60 W,,,
2024-06-22,22:24:45,2024-06-22,22:25:45,G6PHF,IO84,28.074560,FT8,-01,-07,20 W,,,
2024-06-22,22:29:00,2024-06-22,22:30:11,GB9OO,IO86,28.074560,FT8,+08,+16,7.5 W,,,
2024-06-22,22:36:00,2024-06-22,22:37:00,EI5KG,IO62,28.074560,FT8,+06,+18,50 W,,,
2024-06-22,22:44:30,2024-06-22,22:45:30,2E0BTX,IO83,28.074560,FT8,-11,-15,50 W,,,
2024-06-22,23:03:00,2024-06-22,23:04:30,GM4ZJI,IO86,28.074560,FT8,-13,-09,50 W,,,
2024-06-23,10:23:45,2024-06-23,10:24:45,F6HRP,IN88,28.074560,FT8,-09,-01,20 W,,,
2024-06-23,10:33:00,2024-06-23,10:35:00,IU8BWU,,28.074560,FT8,-18,-20,20 W for response 68 W,,,
2024-06-23,10:40:00,2024-06-23,10:41:00,IS0KNG,JM49,28.074560,FT8,-06,-13,20 W,,,
2024-06-23,11:12:45,2024-06-23,11:13:45,HB9HYV,JN47,28.074560,FT8,-15,-10,20 W,,,
2024-06-23,11:18:45,2024-06-23,11:19:45,F6HRP,IN88,28.074560,FT8,-13,-07,20 W,,,
2024-06-23,12:16:00,2024-06-23,12:17:00,IS0KNG,JM49,28.074560,FT8,-11,-17,20 W,,,
2024-06-23,13:06:15,2024-06-23,13:07:15,HB9HRR,JN47,28.074560,FT8,-11,-03,20 W,,,
2024-06-23,13:36:45,2024-06-23,13:37:45,EA8AIN,IL18,28.074560,FT8,-04,-07,100 W,,,
2024-06-23,14:10:30,2024-06-23,14:11:41,HA7TM,JN97,28.074560,FT8,-05,-15,20 W,,,
2024-06-23,14:19:00,2024-06-23,14:20:00,F4JAJ,JN23,28.074560,FT8,-09,-12,100 W,,,
2024-06-23,16:37:45,2024-06-23,16:38:45,EA8AIN,IL18,28.074560,FT8,-12,-10,20 W,,,
2024-06-23,18:02:45,2024-06-23,18:03:45,SP2GPU,JO94,28.074560,FT8,-14,-11,20 W,,,
2024-06-23,18:24:30,2024-06-23,18:26:30,HA9GKL,KN08,28.074560,FT8,-15,-24,20 W then 100 W for report,,,
2024-06-23,18:47:30,2024-06-23,18:49:30,M0IAP,IO93,28.074560,FT8,-18,-08,20 W then 100 W for report,,,
2024-06-23,19:04:30,2024-06-23,19:05:30,IZ0ZIP,,28.074560,FT8,-11,-09,20 W,,,
2024-06-23,19:06:45,2024-06-23,19:07:30,M0KEE,IO81,28.074560,FT8,-11,-10,20 W,,,
2024-06-23,19:17:45,2024-06-23,19:18:15,EA8AIN,IL18,28.074560,FT8,-13,-14,100 W,,,
2024-06-23,19:22:45,2024-06-23,19:23:15,M7SUZ,IO92,28.074560,FT8,-08,+01,100 W,,,
2024-06-23,19:25:30,2024-06-23,19:26:15,EA2EGM,IN93,28.074560,FT8,-17,-09,100 W,,,
2024-06-23,19:43:00,2024-06-23,19:44:00,G4MIK,JO01,28.074560,FT8,-19,-02,100 W,,,
2024-06-23,20:12:45,2024-06-23,20:13:45,EA8AIN,IL18,28.074560,FT8,-02,-04,100 W,,,
2024-06-23,20:26:45,2024-06-23,20:27:45,CO7MS,FL01,28.074560,FT8,-19,-09,100 W,,,
2024-06-24,15:16:45,2024-06-24,15:17:45,EA2EED,IN72,28.074560,FT8,-09,-09,15 W,Hi SWR,,
2024-06-24,15:50:30,2024-06-24,15:51:00,IK0IOG,JN61,28.074560,FT8,+00,+16,20 W,,,
2024-06-24,15:51:30,2024-06-24,15:52:30,V31DL,,28.074560,FT8,-16,-14,20 W,,,
2024-06-24,15:58:30,2024-06-24,15:59:30,F4JMV,IN98,28.074560,FT8,-05,-01,20 W,,,
2024-06-24,16:00:00,2024-06-24,16:00:30,EA7DNE,IM77,28.074560,FT8,-20,-09,20 W,,,
2024-06-24,16:09:15,2024-06-24,16:10:15,EA1C,,28.074560,FT8,+06,+12,54 W,,,
2024-06-24,16:10:45,2024-06-24,16:12:15,EA1C,,28.074560,FT8,-12,+12,54 W,,,
2024-06-24,16:13:45,2024-06-24,16:14:15,EA3CY,JN00,28.074560,FT8,-15,+08,58 W,,,
2024-06-24,16:15:30,2024-06-24,16:17:15,EA3DYI,JN11,28.074560,FT8,+03,-05,100 W,,,
2024-06-24,16:18:15,2024-06-24,16:19:15,A41ZZ,LL93,28.074560,FT8,-21,-06,100 W,,,
2024-06-24,16:22:45,2024-06-24,16:23:30,IZ0EGA,JN61,28.074560,FT8,+00,+11,100 W,,,
2024-06-24,16:26:30,2024-06-24,16:27:30,LZ2VQ,,28.074560,FT8,-16,-07,100 W,,,
2024-06-24,16:30:45,2024-06-24,16:33:00,PA3APF,JO22,28.074560,FT8,-15,-02,100 W,,,
2024-06-24,16:33:30,2024-06-24,16:34:30,EA5GVJ,IM97,28.074560,FT8,-09,-12,100 W,,,
2024-06-24,16:36:45,2024-06-24,16:37:30,EA3V,JN11,28.074560,FT8,-07,+03,100 W,,,
2024-06-24,16:37:30,2024-06-24,16:38:30,EA4CUO,IM68,28.074560,FT8,-12,-11,100 W,,,
2024-06-24,16:38:45,2024-06-24,17:25:30,F5MXH,JN07,28.074560,FT8,+02,+03,20 W,,,
2024-06-24,17:26:30,2024-06-24,17:27:30,PP5HR,GG53,28.074560,FT8,-13,-10,50 W,,,
2024-06-24,17:28:00,2024-06-24,17:28:30,PD1PSR,JO33,28.074560,FT8,-03,-13,50 W,,,
2024-06-24,17:29:30,2024-06-24,17:30:30,OZ2LC,JO56,28.074560,FT8,-20,-08,50 W,,,
2024-06-24,17:49:45,2024-06-24,17:50:30,PD4FL,JO33,28.074560,FT8,+05,-08,50 W,,,
2024-06-24,17:55:45,2024-06-24,17:56:45,PY4ZDC,,28.074560,FT8,-12,-14,50 W,,,
2024-06-24,17:59:30,2024-06-24,18:00:15,EA8AR,IL18,28.074560,FT8,-15,-14,50 W,,,
2024-06-24,18:02:30,2024-06-24,18:04:45,DO7FJK,JO53,28.074560,FT8,-11,-06,50 W,,,
2024-06-24,18:13:30,2024-06-24,18:14:45,CT2GQA,IM58,28.074560,FT8,-16,-12,50 W,,,
2024-06-24,18:19:45,2024-06-24,18:21:51,PP5CF,GG52,28.074560,FT8,-14,-11,50 W,,,
2024-06-24,18:25:45,2024-06-24,18:26:45,US8UX,,28.074560,FT8,-11,-15,100 W,,,
2024-06-24,20:03:30,2024-06-24,20:04:30,OZ7FOC,JO55,28.074560,FT8,-04,-13,100 W,,,
2024-06-25,20:35:45,2024-06-25,20:36:45,EA4HQZ,IM79,21.074560,FT8,-05,-11,50 W,,,
2024-06-25,21:02:30,2024-06-25,21:03:15,VE1JBC,FN73,21.074560,FT8,-11,-04,50 W,,,
2024-06-25,21:06:30,2024-06-25,21:07:15,EA5RW,IM99,21.074560,FT8,-06,-13,50 W,,,
2024-06-25,21:07:45,2024-06-25,21:08:15,SV2SIH,KN10,21.074560,FT8,-02,-02,50 W,,,
2024-06-25,21:10:00,2024-06-25,21:10:45,EA4AC,IN80,21.074560,FT8,-01,-05,50 W,,,
2024-06-25,21:18:00,2024-06-25,21:19:00,9A/DM3XD,,21.074560,FT8,-12,+02,50 W,,,
2024-06-25,21:20:45,2024-06-25,21:21:45,EK/RX3DPK,,21.074560,FT8,-07,-07,50 W,,,
2024-06-25,21:38:00,2024-06-25,21:38:45,LW2DHT,GF05,21.074560,FT8,-06,-25,50 W,,,
2024-07-01,22:47:45,2024-07-01,22:49:15,G4RJS,IO93,3.573560,FT8,-15,-19,40 W,,,
2024-07-01,22:55:00,2024-07-01,22:55:45,DF3JO,JO31,3.573560,FT8,-12,-06,40 W,,,
2024-07-01,23:06:00,2024-07-01,23:07:00,KG4OJT,FM18,21.074560,FT8,-12,-08,100 W,,,
2024-07-01,23:09:15,2024-07-01,23:10:15,W2UH,FN20,21.074560,FT8,-09,-15,100 W,,,
2024-07-01,23:12:30,2024-07-01,23:13:15,CT2GQA,IM58,21.074560,FT8,-10,-18,100 W,,,
2024-07-01,23:18:00,2024-07-01,23:18:45,W5XO,EM10,21.074560,FT8,-15,-24,100 W,,,
2024-07-02,17:59:15,2024-07-02,18:00:19,D2UY,JI64,21.074360,FT8,-05,-12,100 W,,,
2024-07-02,18:01:00,2024-07-02,18:02:15,KF9UG,EN71,21.074560,FT8,-18,-10,100 W,,,
2024-07-02,18:03:15,2024-07-02,18:04:15,HZ1TT,,21.074560,FT8,-03,-14,100 W,,,
2024-07-02,18:07:45,2024-07-02,18:08:45,LZ1JZ,KN22,21.074560,FT8,-04,+08,100 W,,,
2024-07-02,18:32:15,2024-07-02,18:33:45,CT3HU,,21.074560,FT8,-17,-14,100 W,,,
2024-07-02,18:44:45,2024-07-02,18:45:45,CX5ABM,GF15,28.074560,FT8,-18,-10,100 W,,,
2024-07-07,22:01:30,2024-07-07,22:02:30,AA1BS,FN43,21.074560,FT8,-12,-12,50 W,,,
2024-07-07,22:03:00,2024-07-07,22:04:30,IS0KNG,JM49,21.074560,FT8,+00,-06,50 W,,,
2024-07-07,22:04:45,2024-07-07,22:05:30,EC3A,,21.074560,FT8,-10,-10,50 W,,,
2024-07-07,22:06:30,2024-07-07,22:07:30,JY5IB,,21.074560,FT8,-10,-11,50 W,,,
2024-07-07,22:07:45,2024-07-07,22:08:30,JA0KNM,PM95,21.074560,FT8,-12,-14,50 W,,,
2024-07-07,22:38:30,2024-07-07,22:39:15,PT7PT,HI03,21.074560,FT8,-06,-22,50 W,,,
2024-07-07,22:39:15,2024-07-07,22:40:15,KF9UG,EN71,21.074560,FT8,-02,-11,50 W,,,
2024-07-07,22:41:30,2024-07-07,22:42:15,YT3PL,KN04,21.074560,FT8,+11,-04,50 W,,,
2024-07-07,22:46:00,2024-07-07,22:46:45,YO2BTW,KN15,21.074560,FT8,-08,-17,50 W,,,
2024-07-07,22:49:15,2024-07-07,22:50:15,HK3FJ,,21.074560,FT8,-17,-18,50 W,,,
2024-07-07,22:51:00,2024-07-07,22:52:15,KC3DGM,EN91,21.074560,FT8,-17,-17,50 W,,,
2024-07-07,22:56:30,2024-07-07,22:57:30,HB9WDF,JN47,21.074560,FT8,-04,-04,50 W,,,
2024-07-07,22:58:45,2024-07-07,23:02:30,DL2VEL,JN37,21.074560,FT8,-24,-17,50 W,,,
2024-07-08,09:24:15,2024-07-08,09:25:15,OD5ZZ,KM74,21.074560,FT8,-04,-12,50 W,,,
2024-07-08,09:38:45,2024-07-08,09:39:45,EA7CHS,,21.074550,FT8,-12,-06,35 W,,,
2024-07-08,09:41:00,2024-07-08,09:41:45,DK3TNA,JO62,21.074550,FT8,-06,+08,35 W,,,
2024-07-08,09:44:15,2024-07-08,09:45:15,EA5IL,,21.074560,FT8,+01,-10,35 W,,,
2024-07-08,09:49:00,2024-07-08,09:49:45,DH3PL,JO62,21.074560,FT8,-21,-07,35 W,,,
2024-07-08,09:52:30,2024-07-08,09:54:00,D2UY,JI64,21.074560,FT8,-12,-12,35 W,,,
2024-07-08,09:57:30,2024-07-08,09:59:30,MI0TMW,,21.074560,FT8,-19,-21,35 W,,,
2024-07-08,11:43:15,2024-07-08,11:44:00,US2YW,KN28,18.100560,FT8,-17,-11,35 W,,,
2024-07-08,11:46:45,2024-07-08,11:48:15,EA8TL,IL18,21.074560,FT8,-09,-07,35 W,,,
2024-07-08,11:51:45,2024-07-08,11:53:15,EA1GT/QRP,,21.074560,FT8,-19,-17,35 W,,,
2024-07-08,13:14:45,2024-07-08,13:16:45,SV1EAG,KM18,28.074560,FT8,-08,-18,100 W,,,
2024-07-08,13:17:45,2024-07-08,13:18:45,SP4MPH,,28.074560,FT8,-07,-12,,,,
2024-07-08,15:39:00,2024-07-08,15:40:00,N2BJ,EN61,21.074560,FT8,-19,-24,,,,
2024-07-08,15:42:00,2024-07-08,15:43:00,EA5AQB,IM98,21.074560,FT8,+04,-08,,,,
2024-07-08,15:44:15,2024-07-08,15:45:15,PY2ZZ,GG66,21.074560,FT8,-14,-10,50 W,,,
2024-07-08,15:54:30,2024-07-08,15:55:15,EA5ET,IM99,21.074560,FT8,-04,-03,50 W,,,
2024-07-08,16:06:00,2024-07-08,16:07:00,CT3MD,,21.074560,FT8,+14,-07,50 W,,,
2024-07-13,19:29:00,2024-07-13,19:30:00,PY2ZZ,GG66,21.074730,FT8,-09,-09,50 W,,,
2024-07-13,19:38:00,2024-07-13,19:39:00,DO2PZ,JO62,3.573730,FT8,-04,-17,35 W,high swr,,
2024-07-13,19:47:45,2024-07-13,19:48:30,DJ1TU,JN48,3.573730,FT8,-06,-04,35 W,,,
2024-07-13,19:51:30,2024-07-13,19:52:30,ON3XMU,JO20,3.573730,FT8,-14,-15,35 W,,,
2024-07-13,19:58:15,2024-07-13,19:59:15,PP5CF,GG52,28.074730,FT8,-04,-12,35 W,,,
2024-07-13,19:59:45,2024-07-13,20:00:15,OZ3MDJ,JO45,28.074730,FT8,+00,+05,35 W,,,
2024-07-13,20:04:15,2024-07-13,20:05:15,PY5BH,GG54,28.074730,FT8,-10,-16,35 W,,,
2024-07-16,22:53:30,2024-07-16,22:54:30,KA0BOJ,,21.074760,FT8,-11,-13,100 W,,,
2024-07-16,23:16:15,2024-07-16,23:17:15,KV8P,EN71,21.074760,FT8,-10,-11,100 W,,,
2024-07-20,21:40:45,2024-07-20,21:41:45,G8KHF,IO92,21.074450,FT8,+11,-06,60 W,,,
2024-07-20,21:43:00,2024-07-20,21:44:00,EG24FDC,,21.074450,FT8,+00,-04,60 W,,,
2024-07-20,21:45:30,2024-07-20,21:46:30,OE3HPW,JN87,21.074450,FT8,-12,-15,60 W,,,
2024-07-20,21:53:15,2024-07-20,21:54:00,M0JVE,IO81,21.076250,FT8,+07,-08,60 W,,,
2024-07-20,21:54:15,2024-07-20,21:55:00,M0JVE,,21.076250,FT8,-02,-08,60 W,,,
2024-07-20,21:58:45,2024-07-20,21:59:30,EB2EMZ,IN83,21.076250,FT8,-13,-09,60 W,,,
2024-07-20,21:59:45,2024-07-20,22:00:30,JA8ZO,QN03,21.076250,FT8,-03,-14,60 W,,,
2024-07-20,22:00:45,2024-07-20,22:06:00,W6WG,DM15,21.076250,FT8,-15,-09,60 W,,,
2024-07-20,22:06:30,2024-07-20,22:07:00,LZ2VQ,KN23,21.076250,FT8,-05,-17,60 W,,,
2024-07-20,22:08:15,2024-07-20,22:09:00,F4HAB,JN03,21.076250,FT8,-12,-16,60 W,,,
2024-07-20,22:10:30,2024-07-20,22:13:00,WB4EM,EL97,21.076250,FT8,-17,-15,60 W,,,
2024-07-20,22:13:45,2024-07-20,22:14:30,M0OTE,IO83,21.076250,FT8,+02,-02,60 W,,,
2024-07-20,22:15:45,2024-07-20,22:16:30,HA7TM,JN97,21.076250,FT8,+01,-10,60 W,,,
2024-07-20,22:20:15,2024-07-20,22:21:00,M3DCJ,IO90,21.076250,FT8,+08,-06,60 W,,,
2024-07-20,22:24:30,2024-07-20,22:25:30,G4ZCS,,21.076250,FT8,+05,-05,60 W,,,
2024-07-24,13:42:00,2024-07-24,13:43:15,R6FX,LN14,21.074600,FT8,-05,-17,35 W,,,
2024-07-24,13:44:30,2024-07-24,13:45:15,R4FDK,LO23,21.074600,FT8,-11,-08,35 W,,,
2024-07-24,13:47:30,2024-07-24,13:48:45,KA9FOX,EN43,21.074600,FT8,-15,-22,35 W,,,
2024-07-24,13:50:30,2024-07-24,13:51:15,WA4MIT,EM63,21.074600,FT8,-11,-20,35 W,,,
2024-07-24,14:11:30,2024-07-24,14:11:52,EA8AAH/5,,21.140800,FT4,-09,-09,35 W,,,
2024-07-24,14:12:15,2024-07-24,14:12:37,TA2EE,KM69,21.140800,FT4,-09,-15,35 W,,,
2024-08-26,18:34:45,2024-08-26,18:35:47,HB9HRR,JN47,21.074835,FT8,-02,-07,75 W,High SWR against RFI,,
2024-09-13,21:22:45,2024-09-13,21:23:45,PT2OP,GG64,21.074550,FT8,-08,-17,60 W,,,
2024-09-13,21:26:15,2024-09-13,21:27:45,EA8BBJ,,21.074550,FT8,-11,-08,60 W,,,
2024-09-15,15:32:15,2024-09-15,15:32:45,R6FX,LN14,28.074200,FT8,+02,-04,100 W,,,
2024-09-15,15:37:23,2024-09-15,15:37:52,CX5ABM,GF15,28.180830,FT4,-08,-14,100 W,,,
2024-09-15,19:12:15,2024-09-15,19:13:45,HB9RBV,JN47,21.075614,FT8,-04,-06,100 W,,,
2024-09-15,19:15:30,2024-09-15,19:16:30,MM5DWW,IO89,21.075165,FT8,-13,-16,100 W,,,
2024-09-15,19:24:00,2024-09-15,19:25:00,HB9HKJ,JN46,21.074650,FT8,-05,-04,100 W,,,
2024-09-15,19:27:46,2024-09-15,19:28:15,HB9HRR,JN47,21.140650,FT4,+01,-08,100 W,,,
2024-09-15,19:39:30,2024-09-15,19:39:30,NP4TX,FK68,21.074599,FT8,-07,-13,100 W,,,
2024-09-17,20:43:00,2024-09-17,20:44:00,IK2VFR/P,JN45,1.841301,FT8,-14,-10,70 W,,,
2024-09-17,20:46:00,2024-09-17,20:46:30,DL1YEG,JO42,1.841243,FT8,-12,-05,70 W,,,
2024-09-17,20:47:00,2024-09-17,20:47:30,DH7SB,JN48,1.840594,FT8,-03,-15,70 W,,,
2024-09-17,20:49:00,2024-09-17,20:49:45,SP1MGM,JO73,1.840420,FT8,-08,-15,70 W,,,
2024-09-17,21:00:15,2024-09-17,21:01:15,DO2STK,JO30,3.573902,FT8,+00,-19,70 W,,,
2024-09-17,21:02:15,2024-09-17,21:03:15,HB3YBG,,3.574054,FT8,+09,-11,70 W,,,
2024-09-20,21:44:30,2024-09-20,21:45:30,KR0P,EN10,21.074650,FT8,-06,+00,50 W,,,
2024-09-20,21:48:30,2024-09-20,21:49:30,HB9EKJ,JN47,3.573500,FT8,-07,-09,50 W,,,
2024-09-20,21:51:45,2024-09-20,21:52:45,IK1MTZ,JN35,3.573500,FT8,+17,+14,50 W,,,
2024-09-20,21:53:00,2024-09-20,21:53:45,YO4NF,,3.573500,FT8,-08,-13,50 W,,,
2024-09-20,21:55:00,2024-09-20,21:55:45,SM3ULU,JP81,3.574700,FT8,-07,-07,50 W,,,
2024-09-20,21:56:30,2024-09-20,21:57:15,DJ3ZF,JN49,3.574700,FT8,+07,+06,50 W,,,
2024-09-20,21:59:45,2024-09-20,22:00:15,DK2CI,JO50,3.574900,FT8,-04,-03,50 W,,,
2024-09-20,22:01:00,2024-09-20,22:01:45,YL2GJX,KO26,3.574900,FT8,-05,-16,50 W,,,
2024-09-20,22:02:45,2024-09-20,22:03:45,IU5KWL,,3.574900,FT8,-13,-08,50 W,,,
2024-09-20,22:04:30,2024-09-20,22:05:15,SP8MZB,KO00,3.574900,FT8,-05,-12,50 W,,,
2024-09-20,22:06:00,2024-09-20,22:06:45,PE2JMR,JO33,3.574900,FT8,+08,+01,50 W,,,
2024-09-20,22:07:30,2024-09-20,22:08:15,OE6TNO,JN77,3.574900,FT8,-03,-05,50 W,,,
2024-09-20,22:08:45,2024-09-20,22:09:45,DO7BE,JO64,3.574900,FT8,-13,-08,50 W,,,
2024-09-20,22:10:15,2024-09-20,22:11:15,SP9MOC,,3.574900,FT8,-03,-03,50 W,,,
2024-09-20,22:11:30,2024-09-20,22:12:15,D1IKM/P,JN48,3.574900,FT8,-07,-07,50 W,,,
2024-09-20,22:13:15,2024-09-20,22:13:45,SP6ECQ,JO71,3.574900,FT8,-08,-13,50 W,,,
2024-09-20,22:15:30,2024-09-20,22:16:15,DG0OAT,JO62,3.574900,FT8,-05,-12,50 W,,,
2024-09-20,22:17:00,2024-09-20,22:17:45,DO5SB,JN59,3.574900,FT8,+05,+02,50 W,,,
2024-09-20,22:19:30,2024-09-20,22:20:15,US2YW,KN28,3.574900,FT8,-11,-15,50 W,,,
2024-09-20,22:24:15,2024-09-20,22:24:45,LY2CK,KO24,3.574900,FT8,-05,-09,50 W,,,
2024-10-10,19:32:00,2024-10-10,19:32:45,OE3OOG,JN87,3.575303,FT8,+05,-20,50 W,,,
2024-10-17,20:50:30,2024-10-17,20:51:30,HB9EFK,JN46,21.076315,FT8,+21,+13,50 W,,,
2024-10-30,17:34:15,2024-10-30,17:35:16,TA2ANK,KM69,14.074348,FT8,+01,-15,50 W,,,
2024-10-30,17:44:30,2024-10-30,17:45:15,YO5PHL,KN16,14.075160,FT8,+01,-08,50 W,,,
2024-10-30,17:47:00,2024-10-30,17:47:45,EA5DQW,IM99,14.075160,FT8,+01,-09,50 W,,,
2024-10-30,19:31:30,2024-10-30,19:32:30,M6OTU,IO84,10.137366,FT8,-18,-07,50 W,,,
2024-10-30,19:33:00,2024-10-30,19:33:30,ES6DO,KO27,10.137366,FT8,-08,-06,50 W,,,
2024-10-30,19:41:00,2024-10-30,19:42:00,HB9HGW,JN47,10.137915,FT8,-11,-14,50 W,,,
2024-10-30,19:47:30,2024-10-30,19:48:30,HB50LF,,3.574679,FT8,+04,+01,50 W,,,
2024-10-30,20:55:30,2024-10-30,20:56:30,HB9EKJ,JN47,3.573224,FT8,-03,-07,50 W,,,
2024-10-30,20:59:30,2024-10-30,21:00:15,DL1NEO,JN59,3.575297,FT8,+04,-16,50 W,,,
2024-10-30,21:05:45,2024-10-30,21:06:45,PY4CZ,GG78,14.075198,FT8,-08,-14,80 W,,,
2024-10-30,21:07:45,2024-10-30,21:08:45,VE1KCO,FN64,14.076191,FT8,-09,-16,80 W,,,
2024-10-30,21:36:30,2024-10-30,21:37:30,EB2AM,IN83,5.357900,FT8,+17,+00,20 W,,,
2024-10-30,21:38:00,2024-10-30,21:39:00,VE1YX,FN74,5.357879,FT8,-01,-23,20 W,,,
2024-10-30,21:39:15,2024-10-30,21:40:00,DL5DQZ,JO61,5.357647,FT8,+05,-03,20 W,,,
2024-10-30,21:50:15,2024-10-30,21:51:00,HA7TM,JN97,5.357598,FT8,+12,-05,20 W,,,
2024-10-30,21:51:45,2024-10-30,21:52:30,LY2FN,KO14,5.357598,FT8,-04,-05,20 W,,,
2024-10-30,21:53:00,2024-10-30,21:54:00,IZ5BTF,,5.357598,FT8,+13,+00,20 W,,,
2024-10-30,21:54:45,2024-10-30,21:55:30,F5HNQ,IN98,5.357598,FT8,+16,+01,20 W,,,
2024-10-30,21:56:15,2024-10-30,21:57:00,9A4ZM,JN64,5.357598,FT8,+05,+01,20 W,,,
2024-10-30,21:57:45,2024-10-30,21:58:30,EA3KE,JN00,5.357598,FT8,+01,+03,20 W,,,
2024-10-30,21:59:15,2024-10-30,22:00:00,DL7GP,JO52,5.357598,FT8,+07,+14,20 W,,,
2024-10-30,22:00:45,2024-10-30,22:01:30,G3UHU,IO80,5.357600,FT8,-06,-06,20 W,,,
2024-10-30,22:03:15,2024-10-30,22:04:00,OH1LA,KP01,5.357600,FT8,-08,-03,20 W,,,
2024-10-30,22:04:15,2024-10-30,22:05:00,LY8O,,5.357600,FT8,-11,-02,20 W,,,
2024-10-30,22:05:30,2024-10-30,22:06:00,SN5 WD,KO02,5.357600,FT8,-15,-14,20 W,,,
2024-10-30,22:08:15,2024-10-30,22:09:00,DL2VN,JO51,5.357600,FT8,-21,+04,20 W,,,
2024-10-30,22:09:30,2024-10-30,22:10:00,DK9MS,JO40,5.357600,FT8,+00,-11,20 W,,,
2024-10-30,22:10:45,2024-10-30,22:11:30,SP9UPH,JO90,5.357600,FT8,+08,-02,20 W,,,
2024-10-30,22:12:00,2024-10-30,22:13:00,MI0OBC,,5.357600,FT8,-03,-16,20 W,,,
2024-10-30,22:13:45,2024-10-30,22:14:30,SP1MGM,JO73,5.357600,FT8,-08,-02,20 W,,,
2024-10-30,22:15:30,2024-10-30,22:16:30,G0LUH,,5.357600,FT8,+05,-01,20 W,,,
2024-10-30,22:17:00,2024-10-30,22:18:00,G0RAP,,5.357600,FT8,-07,-14,20 W,,,
2024-10-30,22:18:45,2024-10-30,22:19:30,DK7UY,JO44,5.357600,FT8,-01,+01,20 W,,,
2024-10-30,22:20:00,2024-10-30,22:21:00,OE9GWV,,5.357600,FT8,-15,-12,20 W,,,
2024-10-30,22:22:00,2024-10-30,22:22:30,M0KEE,IO81,5.357600,FT8,-08,-07,20 W,,,
2024-10-30,22:24:45,2024-10-30,22:26:00,IK2BDR,JN45,5.357600,FT8,+04,+07,20 W,,,
2024-10-30,22:26:30,2024-10-30,22:27:00,DH7AHO,JN48,5.357600,FT8,-09,-03,20 W,,,
2024-10-30,22:28:30,2024-10-30,22:29:30,SM6MNS,,5.357600,FT8,+04,-01,20 W,,,
2024-10-30,22:30:15,2024-10-30,22:31:00,DL1AQU,JO53,5.357600,FT8,-09,-07,20 W,,,
2024-10-30,22:31:30,2024-10-30,22:32:00,9A/DM3XD,,5.357600,FT8,+02,+01,20 W,,,
2024-10-30,22:32:45,2024-10-30,22:33:30,DK9DA,JO33,5.357600,FT8,+06,+08,20 W,,,
2024-10-30,22:34:15,2024-10-30,22:35:00,G7RTI,IO91,5.357600,FT8,-02,+05,20 W,,,
2024-10-30,22:35:30,2024-10-30,22:36:00,PC2J,JO22,5.357600,FT8,+02,+02,20 W,,,
2024-10-30,22:36:45,2024-10-30,22:37:30,DF3MIB,JO43,5.357600,FT8,-14,-02,20 W,,,
2024-10-30,22:38:15,2024-10-30,22:39:00,DC8SG,JO40,5.357600,FT8,+02,+02,20 W,,,
2024-10-30,22:39:45,2024-10-30,22:40:30,DH7OM,JO43,5.357600,FT8,+04,+18,20 W,,,
2024-10-30,22:42:15,2024-10-30,22:43:00,HG9FS,KN08,5.357600,FT8,+01,+01,20 W,,,
2024-10-30,22:45:45,2024-10-30,22:46:15,G0AZH,IO83,5.357600,FT8,-03,-16,20 W,,,
2024-10-30,22:48:15,2024-10-30,22:48:45,G7OOD,IO83,5.357600,FT8,-08,-04,20 W,,,
2024-10-30,22:50:30,2024-10-30,22:51:15,IK8WEJ,,5.357600,FT8,+10,-03,20 W,,,
2024-10-30,22:52:45,2024-10-30,22:53:15,SP9RA,KO00,5.357600,FT8,-03,-07,20 W,,,
2024-10-30,22:53:15,2024-10-30,22:54:15,ON7KEI,,5.357600,FT8,-05,-02,20 W,,,
2024-10-30,22:56:00,2024-10-30,22:57:15,G8BQR,IO82,5.357600,FT8,-20,-07,20 W,,,
2024-11-01,15:13:15,2024-11-01,15:14:46,OE3PBS,JN87,14.075954,FT8,-15,-04,60 W,,,
2024-11-01,15:15:45,2024-11-01,15:16:16,PA3AIM,JO22,14.075952,FT8,-04,+06,60 W,,,
2024-11-01,15:20:45,2024-11-01,15:21:45,DK7ZT,,7.075300,FT8,-03,-10,20 W,,,
2024-11-01,16:06:30,2024-11-01,16:07:31,DK100DDSR,,14.075194,FT8,-06,-09,60 W,,,
2024-11-18,21:21:45,2024-11-18,21:22:45,IR8RCOS,,5.358520,FT8,+14,-07,15 W,,,
2024-11-18,21:26:30,2024-11-18,21:27:15,SP5CWC,KO02,5.358900,FT8,-02,-21,15 W,,,
2024-11-18,21:28:00,2024-11-18,21:28:45,LB8OH,JP20,5.358900,FT8,-02,+02,15 W,,,
2024-11-18,21:29:15,2024-11-18,21:30:15,IZ8DBJ,JN70,5.358900,FT8,+10,-13,15 W,,,
2024-11-18,21:31:30,2024-11-18,21:32:15,EA3ISZ,JN01,5.358900,FT8,+10,-07,15 W,,,
2024-11-18,21:32:45,2024-11-18,21:33:45,EA1FKI,,5.358900,FT8,+11,-14,15 W,,,
2024-11-18,21:35:15,2024-11-18,21:36:15,SQ5EXI,,5.358900,FT8,+00,-13,15 W,,,
2024-11-18,21:38:00,2024-11-18,21:38:45,EA8W,IL38,5.358900,FT8,+05,-09,15 W,,,
2024-12-11,18:12:30,2024-12-11,18:13:15,G7NPW,IO92,7.076001,FT8,-11,-07,50 W,,,
2024-12-11,18:16:00,2024-12-11,18:17:15,US2YW,KN28,7.076001,FT8,-01,-07,50 W,,,
2024-12-11,18:21:15,2024-12-11,18:22:15,CT2HEX,,7.076000,FT8,-16,-14,50 W,,,
2024-12-11,18:30:45,2024-12-11,18:31:30,DL1DEU,JN59,3.574978,FT8,+02,-13,100 W,,,
2024-12-11,18:34:30,2024-12-11,18:35:15,F5HNQ,IN98,3.574195,FT8,-11,-09,100 W,,,
2024-12-11,18:36:00,2024-12-11,18:36:45,DJ1JR,JO51,3.574195,FT8,-06,-15,100 W,,,
2024-12-11,18:37:30,2024-12-11,18:38:15,EA3HMM,JN00,3.574195,FT8,+02,-09,100 W,,,
2024-12-11,18:39:30,2024-12-11,18:40:15,DO1HP,JN69,3.574195,FT8,-15,-10,100 W,,,
2024-12-11,18:41:00,2024-12-11,18:41:45,DO1HDS,JO50,3.574195,FT8,+07,-02,100 W,,,
2024-12-11,18:42:30,2024-12-11,18:43:15,4O4DB,JN92,3.574195,FT8,-04,-02,100 W,,,
2024-12-11,18:44:00,2024-12-11,18:46:45,DL5MHX,JN58,3.574195,FT8,-01,-19,100 W,,,
2024-12-26,16:28:00,2024-12-26,16:28:45,UA4FKT,LO23,14.076001,FT8,-17,-16,100 W,,,
2024-12-26,16:31:00,2024-12-26,16:31:45,SV1PMZ,KM17,14.076001,FT8,+13,-04,100 W,,,
2024-12-26,16:32:15,2024-12-26,16:33:15,RK4FF,,14.076001,FT8,-08,-06,100 W,,,
2024-12-26,16:34:00,2024-12-26,16:34:45,R1AV,KP50,14.076001,FT8,-19,-19,100 W,,,
2024-12-26,16:36:00,2024-12-26,16:36:45,R3DHP,KO95,14.076001,FT8,-05,-23,100 W,,,
2025-01-29,14:35:15,2025-01-29,14:36:15,ZW5B,GG54,24.915597,FT8,-04,+05,100 W,,,
2025-02-11,18:27:45,2025-02-11,18:28:45,LA1PHA,JP76,14.076541,FT8,-02,+00,50 W,,,
2025-02-11,18:29:15,2025-02-11,18:29:45,JA1HOX,QM05,14.075801,FT8,-12,-08,50 W,,,
2025-02-11,18:31:30,2025-02-11,18:32:30,OD5ZZ,KM74,14.075618,FT8,-05,-14,50 W,comment,,RS
2025-02-11,18:33:45,2025-02-11,18:34:45,OK1BN,JO70,14.076881,FT8,-11,-11,50 W,,name,RS
2025-02-12,13:32:30,2025-02-12,13:33:31,G6XOU,JO01,14.075932,FT8,+05,+05,50 W,,,
2025-02-12,13:35:00,2025-02-12,13:36:01,DL75DARC,,14.074588,FT8,+10,-06,50 W,,,
2025-02-12,13:36:45,2025-02-12,13:37:31,EC3A,,14.075244,FT8,-07,-01,50 W,,,
2025-02-12,13:38:30,2025-02-12,13:39:30,DL9UXF,,14.074706,FT8,+03,-05,50 W,,,
2025-02-12,13:40:00,2025-02-12,13:40:30,PA3AIM,JO22,14.074706,FT8,+01,+10,50 W,,,
2025-02-12,13:41:15,2025-02-12,13:42:00,PA0ARR,JO21,14.074706,FT8,-03,+09,50 W,,,
2025-02-12,13:49:00,2025-02-12,13:50:00,HB9EFK,JN46,28.075700,FT8,+27,+13,100 W,,,
2025-04-23,12:56:00,2025-04-23,12:56:45,JH1HIC,PM96,21.075404,FT8,-17,-19,100 W,,,
2025-04-23,12:57:45,2025-04-23,12:58:45,SV3AUW,KM17,21.076226,FT8,+14,+06,100 W,,,
2025-04-23,13:00:15,2025-04-23,13:01:15,W2PA,FN31,21.076152,FT8,-01,-10,100 W,,,
2025-04-23,13:02:00,2025-04-23,13:03:01,JA9FFS,PM86,21.076776,FT8,+00,-18,100 W,,,
2025-04-23,13:11:15,2025-04-23,13:12:45,SV5/SV1IWP,,21.075682,FT8,-07,-12,100 W,,,
2025-04-23,13:18:30,2025-04-23,13:19:30,R100IARU,,21.076659,FT8,+05,-08,100 W,,,